2020-04-17 00:38:06.668916 [info]: deal with the client(192.168.88.1)
2020-04-17 00:38:06.669012 [info]: adjust timer once
2020-04-17 00:38:06.669052 [info]: GET / HTTP/1.1
2020-04-17 00:38:06.669091 [info]: Host: 192.168.88.128:1234
2020-04-17 00:38:06.669097 [info]: Upgrade-Insecure-Requests: 1
2020-04-17 00:38:06.669101 [info]: oop!unknow header: Upgrade-Insecure-Requests: 1
2020-04-17 00:38:06.669105 [info]: Accept: text/html,application/xhtml+xml,application/xml;q=0.9,*/*;q=0.8
2020-04-17 00:38:06.669110 [info]: oop!unknow header: Accept: text/html,application/xhtml+xml,application/xml;q=0.9,*/*;q=0.8
2020-04-17 00:38:06.669115 [info]: User-Agent: Mozilla/5.0 (Macintosh; Intel Mac OS X 10_15_2) AppleWebKit/605.1.15 (KHTML, like Gecko) Version/13.0.4 Safari/605.1.15
2020-04-17 00:38:06.669119 [info]: oop!unknow header: User-Agent: Mozilla/5.0 (Macintosh; Intel Mac OS X 10_15_2) AppleWebKit/605.1.15 (KHTML, like Gecko) Version/13.0.4 Safari/605.1.15
2020-04-17 00:38:06.669124 [info]: Accept-Language: en-us
2020-04-17 00:38:06.669128 [info]: oop!unknow header: Accept-Language: en-us
2020-04-17 00:38:06.669132 [info]: Accept-Encoding: gzip, deflate
2020-04-17 00:38:06.669136 [info]: oop!unknow header: Accept-Encoding: gzip, deflate
2020-04-17 00:38:06.669140 [info]: Connection: keep-alive
2020-04-17 00:38:06.669144 [info]: 
2020-04-17 00:38:06.672478 [info]: deal with the client(192.168.88.1)
2020-04-17 00:38:06.672527 [info]: adjust timer once
2020-04-17 00:38:06.672546 [info]: GET / HTTP/1.1
2020-04-17 00:38:06.672585 [info]: Host: 192.168.88.128:1234
2020-04-17 00:38:06.672592 [info]: Upgrade-Insecure-Requests: 1
2020-04-17 00:38:06.672597 [info]: oop!unknow header: Upgrade-Insecure-Requests: 1
2020-04-17 00:38:06.672601 [info]: Accept: text/html,application/xhtml+xml,application/xml;q=0.9,*/*;q=0.8
2020-04-17 00:38:06.672606 [info]: oop!unknow header: Accept: text/html,application/xhtml+xml,application/xml;q=0.9,*/*;q=0.8
2020-04-17 00:38:06.672611 [info]: User-Agent: Mozilla/5.0 (Macintosh; Intel Mac OS X 10_15_2) AppleWebKit/605.1.15 (KHTML, like Gecko) Version/13.0.4 Safari/605.1.15
2020-04-17 00:38:06.672615 [info]: oop!unknow header: User-Agent: Mozilla/5.0 (Macintosh; Intel Mac OS X 10_15_2) AppleWebKit/605.1.15 (KHTML, like Gecko) Version/13.0.4 Safari/605.1.15
2020-04-17 00:38:06.672622 [info]: Accept-Language: en-us
2020-04-17 00:38:06.672627 [info]: oop!unknow header: Accept-Language: en-us
2020-04-17 00:38:06.672632 [info]: Accept-Encoding: gzip, deflate
2020-04-17 00:38:06.672636 [info]: oop!unknow header: Accept-Encoding: gzip, deflate
2020-04-17 00:38:06.672640 [info]: Connection: keep-alive
2020-04-17 00:38:06.672644 [info]: 
2020-04-17 00:38:06.675733 [info]: deal with the client(192.168.88.1)
2020-04-17 00:38:06.675772 [info]: adjust timer once
2020-04-17 00:38:06.675783 [info]: GET / HTTP/1.1
2020-04-17 00:38:06.675808 [info]: Host: 192.168.88.128:1234
2020-04-17 00:38:06.675813 [info]: Upgrade-Insecure-Requests: 1
2020-04-17 00:38:06.675817 [info]: oop!unknow header: Upgrade-Insecure-Requests: 1
2020-04-17 00:38:06.675821 [info]: Accept: text/html,application/xhtml+xml,application/xml;q=0.9,*/*;q=0.8
2020-04-17 00:38:06.675826 [info]: oop!unknow header: Accept: text/html,application/xhtml+xml,application/xml;q=0.9,*/*;q=0.8
2020-04-17 00:38:06.675830 [info]: User-Agent: Mozilla/5.0 (Macintosh; Intel Mac OS X 10_15_2) AppleWebKit/605.1.15 (KHTML, like Gecko) Version/13.0.4 Safari/605.1.15
2020-04-17 00:38:06.675835 [info]: oop!unknow header: User-Agent: Mozilla/5.0 (Macintosh; Intel Mac OS X 10_15_2) AppleWebKit/605.1.15 (KHTML, like Gecko) Version/13.0.4 Safari/605.1.15
2020-04-17 00:38:06.675839 [info]: Accept-Language: en-us
2020-04-17 00:38:06.675843 [info]: oop!unknow header: Accept-Language: en-us
2020-04-17 00:38:06.675847 [info]: Accept-Encoding: gzip, deflate
2020-04-17 00:38:06.675851 [info]: oop!unknow header: Accept-Encoding: gzip, deflate
2020-04-17 00:38:06.675855 [info]: Connection: keep-alive
2020-04-17 00:38:06.675859 [info]: 
2020-04-17 00:38:10.388584 [info]: timer tick
2020-04-17 00:38:15.389832 [info]: timer tick
2020-04-17 00:38:20.390752 [info]: timer tick
2020-04-17 00:40:13.236598 [info]: deal with the client(192.168.88.1)
2020-04-17 00:40:13.237700 [info]: adjust timer once
2020-04-17 00:40:13.237761 [info]: GET / HTTP/1.1
2020-04-17 00:40:13.237815 [info]: Host: 192.168.88.128:1234
2020-04-17 00:40:13.237825 [info]: Upgrade-Insecure-Requests: 1
2020-04-17 00:40:13.237832 [info]: oop!unknow header: Upgrade-Insecure-Requests: 1
2020-04-17 00:40:13.237839 [info]: Accept: text/html,application/xhtml+xml,application/xml;q=0.9,*/*;q=0.8
2020-04-17 00:40:13.237846 [info]: oop!unknow header: Accept: text/html,application/xhtml+xml,application/xml;q=0.9,*/*;q=0.8
2020-04-17 00:40:13.237854 [info]: User-Agent: Mozilla/5.0 (Macintosh; Intel Mac OS X 10_15_2) AppleWebKit/605.1.15 (KHTML, like Gecko) Version/13.0.4 Safari/605.1.15
2020-04-17 00:40:13.237862 [info]: oop!unknow header: User-Agent: Mozilla/5.0 (Macintosh; Intel Mac OS X 10_15_2) AppleWebKit/605.1.15 (KHTML, like Gecko) Version/13.0.4 Safari/605.1.15
2020-04-17 00:40:13.237869 [info]: Accept-Language: en-us
2020-04-17 00:40:13.237875 [info]: oop!unknow header: Accept-Language: en-us
2020-04-17 00:40:13.237881 [info]: Accept-Encoding: gzip, deflate
2020-04-17 00:40:13.237887 [info]: oop!unknow header: Accept-Encoding: gzip, deflate
2020-04-17 00:40:13.237893 [info]: Connection: keep-alive
2020-04-17 00:40:13.237923 [info]: 
2020-04-17 00:40:13.237963 [info]: request:HTTP/1.1 200 OK

2020-04-17 00:40:13.237990 [info]: request:HTTP/1.1 200 OK
Content-Length:586

2020-04-17 00:40:13.237998 [info]: request:HTTP/1.1 200 OK
Content-Length:586
Connection:keep-alive

2020-04-17 00:40:13.238004 [info]: request:HTTP/1.1 200 OK
Content-Length:586
Connection:keep-alive


2020-04-17 00:40:17.647417 [info]: timer tick
2020-04-17 00:41:24.721880 [info]: deal with the client(192.168.88.1)
2020-04-17 00:41:24.721960 [info]: adjust timer once
2020-04-17 00:41:24.722102 [info]: GET / HTTP/1.1
2020-04-17 00:41:24.722149 [info]: Host: 192.168.88.128:1234
2020-04-17 00:41:24.722154 [info]: Upgrade-Insecure-Requests: 1
2020-04-17 00:41:24.722158 [info]: oop!unknow header: Upgrade-Insecure-Requests: 1
2020-04-17 00:41:24.722162 [info]: Accept: text/html,application/xhtml+xml,application/xml;q=0.9,*/*;q=0.8
2020-04-17 00:41:24.722167 [info]: oop!unknow header: Accept: text/html,application/xhtml+xml,application/xml;q=0.9,*/*;q=0.8
2020-04-17 00:41:24.722172 [info]: User-Agent: Mozilla/5.0 (Macintosh; Intel Mac OS X 10_15_2) AppleWebKit/605.1.15 (KHTML, like Gecko) Version/13.0.4 Safari/605.1.15
2020-04-17 00:41:24.722176 [info]: oop!unknow header: User-Agent: Mozilla/5.0 (Macintosh; Intel Mac OS X 10_15_2) AppleWebKit/605.1.15 (KHTML, like Gecko) Version/13.0.4 Safari/605.1.15
2020-04-17 00:41:24.722180 [info]: Accept-Language: en-us
2020-04-17 00:41:24.722184 [info]: oop!unknow header: Accept-Language: en-us
2020-04-17 00:41:24.722188 [info]: Accept-Encoding: gzip, deflate
2020-04-17 00:41:24.722192 [info]: oop!unknow header: Accept-Encoding: gzip, deflate
2020-04-17 00:41:24.722196 [info]: Connection: keep-alive
2020-04-17 00:41:24.722199 [info]: 
2020-04-17 00:41:24.722224 [info]: request:HTTP/1.1 200 OK

2020-04-17 00:41:24.722229 [info]: request:HTTP/1.1 200 OK
Content-Length:586

2020-04-17 00:41:24.722234 [info]: request:HTTP/1.1 200 OK
Content-Length:586
Connection:keep-alive

2020-04-17 00:41:24.722238 [info]: request:HTTP/1.1 200 OK
Content-Length:586
Connection:keep-alive


2020-04-17 00:41:27.320977 [info]: timer tick
2020-04-17 00:41:32.321126 [info]: timer tick
2020-04-17 00:41:37.322993 [info]: timer tick
2020-04-17 00:41:42.325007 [info]: timer tick
2020-04-17 00:41:42.326757 [info]: close fd 16
2020-04-17 01:16:46.747625 [info]: deal with the client(192.168.88.1)
2020-04-17 01:16:46.747717 [info]: adjust timer once
2020-04-17 01:16:46.747790 [info]: GET / HTTP/1.1
2020-04-17 01:16:46.747849 [info]: Host: 192.168.88.128:1234
2020-04-17 01:16:46.747859 [info]: Upgrade-Insecure-Requests: 1
2020-04-17 01:16:46.747867 [info]: oop!unknow header: Upgrade-Insecure-Requests: 1
2020-04-17 01:16:46.747883 [info]: Accept: text/html,application/xhtml+xml,application/xml;q=0.9,*/*;q=0.8
2020-04-17 01:16:46.747891 [info]: oop!unknow header: Accept: text/html,application/xhtml+xml,application/xml;q=0.9,*/*;q=0.8
2020-04-17 01:16:46.747900 [info]: User-Agent: Mozilla/5.0 (Macintosh; Intel Mac OS X 10_15_2) AppleWebKit/605.1.15 (KHTML, like Gecko) Version/13.0.4 Safari/605.1.15
2020-04-17 01:16:46.747908 [info]: oop!unknow header: User-Agent: Mozilla/5.0 (Macintosh; Intel Mac OS X 10_15_2) AppleWebKit/605.1.15 (KHTML, like Gecko) Version/13.0.4 Safari/605.1.15
2020-04-17 01:16:46.747916 [info]: Accept-Language: en-us
2020-04-17 01:16:46.747923 [info]: oop!unknow header: Accept-Language: en-us
2020-04-17 01:16:46.747931 [info]: Accept-Encoding: gzip, deflate
2020-04-17 01:16:46.747938 [info]: oop!unknow header: Accept-Encoding: gzip, deflate
2020-04-17 01:16:46.747945 [info]: Connection: keep-alive
2020-04-17 01:16:46.747952 [info]: 
2020-04-17 01:16:46.747994 [info]: request:HTTP/1.1 200 OK

2020-04-17 01:16:46.748005 [info]: request:HTTP/1.1 200 OK
Content-Length:586

2020-04-17 01:16:46.748012 [info]: request:HTTP/1.1 200 OK
Content-Length:586
Connection:keep-alive

2020-04-17 01:16:46.748020 [info]: request:HTTP/1.1 200 OK
Content-Length:586
Connection:keep-alive


2020-04-17 01:16:48.146564 [info]: deal with the client(192.168.88.1)
2020-04-17 01:16:48.146618 [info]: adjust timer once
2020-04-17 01:16:48.146690 [info]: GET / HTTP/1.1
2020-04-17 01:16:48.146741 [info]: Host: 192.168.88.128:1234
2020-04-17 01:16:48.146748 [info]: Upgrade-Insecure-Requests: 1
2020-04-17 01:16:48.146753 [info]: oop!unknow header: Upgrade-Insecure-Requests: 1
2020-04-17 01:16:48.146757 [info]: Accept: text/html,application/xhtml+xml,application/xml;q=0.9,*/*;q=0.8
2020-04-17 01:16:48.146762 [info]: oop!unknow header: Accept: text/html,application/xhtml+xml,application/xml;q=0.9,*/*;q=0.8
2020-04-17 01:16:48.146768 [info]: User-Agent: Mozilla/5.0 (Macintosh; Intel Mac OS X 10_15_2) AppleWebKit/605.1.15 (KHTML, like Gecko) Version/13.0.4 Safari/605.1.15
2020-04-17 01:16:48.146772 [info]: oop!unknow header: User-Agent: Mozilla/5.0 (Macintosh; Intel Mac OS X 10_15_2) AppleWebKit/605.1.15 (KHTML, like Gecko) Version/13.0.4 Safari/605.1.15
2020-04-17 01:16:48.146777 [info]: Accept-Language: en-us
2020-04-17 01:16:48.146781 [info]: oop!unknow header: Accept-Language: en-us
2020-04-17 01:16:48.146786 [info]: Accept-Encoding: gzip, deflate
2020-04-17 01:16:48.146790 [info]: oop!unknow header: Accept-Encoding: gzip, deflate
2020-04-17 01:16:48.146795 [info]: Connection: keep-alive
2020-04-17 01:16:48.146799 [info]: 
2020-04-17 01:16:48.146823 [info]: request:HTTP/1.1 200 OK

2020-04-17 01:16:48.146829 [info]: request:HTTP/1.1 200 OK
Content-Length:586

2020-04-17 01:16:48.146834 [info]: request:HTTP/1.1 200 OK
Content-Length:586
Connection:keep-alive

2020-04-17 01:16:48.146839 [info]: request:HTTP/1.1 200 OK
Content-Length:586
Connection:keep-alive


2020-04-17 01:16:48.977059 [info]: deal with the client(192.168.88.1)
2020-04-17 01:16:48.977173 [info]: adjust timer once
2020-04-17 01:16:48.977211 [info]: POST /0 HTTP/1.1
2020-04-17 01:16:48.977240 [info]: Host: 192.168.88.128:1234
2020-04-17 01:16:48.977245 [info]: Origin: http://192.168.88.128:1234
2020-04-17 01:16:48.977249 [info]: oop!unknow header: Origin: http://192.168.88.128:1234
2020-04-17 01:16:48.977254 [info]: Content-Type: application/x-www-form-urlencoded
2020-04-17 01:16:48.977258 [info]: oop!unknow header: Content-Type: application/x-www-form-urlencoded
2020-04-17 01:16:48.977262 [info]: Content-Length: 0
2020-04-17 01:16:48.977272 [info]: Connection: keep-alive
2020-04-17 01:16:48.977277 [info]: Upgrade-Insecure-Requests: 1
2020-04-17 01:16:48.977281 [info]: oop!unknow header: Upgrade-Insecure-Requests: 1
2020-04-17 01:16:48.977285 [info]: Accept: text/html,application/xhtml+xml,application/xml;q=0.9,*/*;q=0.8
2020-04-17 01:16:48.977289 [info]: oop!unknow header: Accept: text/html,application/xhtml+xml,application/xml;q=0.9,*/*;q=0.8
2020-04-17 01:16:48.977302 [info]: User-Agent: Mozilla/5.0 (Macintosh; Intel Mac OS X 10_15_2) AppleWebKit/605.1.15 (KHTML, like Gecko) Version/13.0.4 Safari/605.1.15
2020-04-17 01:16:48.977307 [info]: oop!unknow header: User-Agent: Mozilla/5.0 (Macintosh; Intel Mac OS X 10_15_2) AppleWebKit/605.1.15 (KHTML, like Gecko) Version/13.0.4 Safari/605.1.15
2020-04-17 01:16:48.977311 [info]: Referer: http://192.168.88.128:1234/
2020-04-17 01:16:48.977315 [info]: oop!unknow header: Referer: http://192.168.88.128:1234/
2020-04-17 01:16:48.977319 [info]: Accept-Language: en-us
2020-04-17 01:16:48.977323 [info]: oop!unknow header: Accept-Language: en-us
2020-04-17 01:16:48.977327 [info]: Accept-Encoding: gzip, deflate
2020-04-17 01:16:48.977331 [info]: oop!unknow header: Accept-Encoding: gzip, deflate
2020-04-17 01:16:48.977335 [info]: 
2020-04-17 01:16:48.977364 [info]: request:HTTP/1.1 200 OK

2020-04-17 01:16:48.977369 [info]: request:HTTP/1.1 200 OK
Content-Length:724

2020-04-17 01:16:48.977373 [info]: request:HTTP/1.1 200 OK
Content-Length:724
Connection:keep-alive

2020-04-17 01:16:48.977378 [info]: request:HTTP/1.1 200 OK
Content-Length:724
Connection:keep-alive


2020-04-17 01:16:49.492231 [info]: timer tick
2020-04-17 01:16:54.493296 [info]: timer tick
2020-04-17 01:17:07.579499 [info]: deal with the client(192.168.88.1)
2020-04-17 01:17:07.579571 [info]: adjust timer once
2020-04-17 01:17:07.579617 [info]: GET /0 HTTP/1.1
2020-04-17 01:17:07.579663 [info]: Host: 192.168.88.128:1234
2020-04-17 01:17:07.579670 [info]: Upgrade-Insecure-Requests: 1
2020-04-17 01:17:07.579675 [info]: oop!unknow header: Upgrade-Insecure-Requests: 1
2020-04-17 01:17:07.579680 [info]: Accept: text/html,application/xhtml+xml,application/xml;q=0.9,*/*;q=0.8
2020-04-17 01:17:07.579685 [info]: oop!unknow header: Accept: text/html,application/xhtml+xml,application/xml;q=0.9,*/*;q=0.8
2020-04-17 01:17:07.579691 [info]: User-Agent: Mozilla/5.0 (Macintosh; Intel Mac OS X 10_15_2) AppleWebKit/605.1.15 (KHTML, like Gecko) Version/13.0.4 Safari/605.1.15
2020-04-17 01:17:07.579696 [info]: oop!unknow header: User-Agent: Mozilla/5.0 (Macintosh; Intel Mac OS X 10_15_2) AppleWebKit/605.1.15 (KHTML, like Gecko) Version/13.0.4 Safari/605.1.15
2020-04-17 01:17:07.579701 [info]: Accept-Language: en-us
2020-04-17 01:17:07.579706 [info]: oop!unknow header: Accept-Language: en-us
2020-04-17 01:17:07.579711 [info]: Accept-Encoding: gzip, deflate
2020-04-17 01:17:07.579716 [info]: oop!unknow header: Accept-Encoding: gzip, deflate
2020-04-17 01:17:07.579721 [info]: Connection: keep-alive
2020-04-17 01:17:07.579726 [info]: 
2020-04-17 01:17:07.579758 [info]: request:HTTP/1.1 200 OK

2020-04-17 01:17:07.579764 [info]: request:HTTP/1.1 200 OK
Content-Length:724

2020-04-17 01:17:07.579769 [info]: request:HTTP/1.1 200 OK
Content-Length:724
Connection:keep-alive

2020-04-17 01:17:07.579774 [info]: request:HTTP/1.1 200 OK
Content-Length:724
Connection:keep-alive


2020-04-17 01:20:53.538946 [info]: deal with the client(192.168.88.1)
2020-04-17 01:20:53.539139 [info]: adjust timer once
2020-04-17 01:20:53.539182 [info]: GET /0 HTTP/1.1
2020-04-17 01:20:53.539222 [info]: Host: 192.168.88.128:1234
2020-04-17 01:20:53.539227 [info]: Upgrade-Insecure-Requests: 1
2020-04-17 01:20:53.539232 [info]: oop!unknow header: Upgrade-Insecure-Requests: 1
2020-04-17 01:20:53.539236 [info]: Accept: text/html,application/xhtml+xml,application/xml;q=0.9,*/*;q=0.8
2020-04-17 01:20:53.539240 [info]: oop!unknow header: Accept: text/html,application/xhtml+xml,application/xml;q=0.9,*/*;q=0.8
2020-04-17 01:20:53.539245 [info]: User-Agent: Mozilla/5.0 (Macintosh; Intel Mac OS X 10_15_2) AppleWebKit/605.1.15 (KHTML, like Gecko) Version/13.0.4 Safari/605.1.15
2020-04-17 01:20:53.539250 [info]: oop!unknow header: User-Agent: Mozilla/5.0 (Macintosh; Intel Mac OS X 10_15_2) AppleWebKit/605.1.15 (KHTML, like Gecko) Version/13.0.4 Safari/605.1.15
2020-04-17 01:20:53.539254 [info]: Accept-Language: en-us
2020-04-17 01:20:53.539258 [info]: oop!unknow header: Accept-Language: en-us
2020-04-17 01:20:53.539268 [info]: Accept-Encoding: gzip, deflate
2020-04-17 01:20:53.539272 [info]: oop!unknow header: Accept-Encoding: gzip, deflate
2020-04-17 01:20:53.539276 [info]: Connection: keep-alive
2020-04-17 01:20:53.539280 [info]: 
2020-04-17 01:20:53.539306 [info]: request:HTTP/1.1 200 OK

2020-04-17 01:20:53.539311 [info]: request:HTTP/1.1 200 OK
Content-Length:724

2020-04-17 01:20:53.539315 [info]: request:HTTP/1.1 200 OK
Content-Length:724
Connection:keep-alive

2020-04-17 01:20:53.539319 [info]: request:HTTP/1.1 200 OK
Content-Length:724
Connection:keep-alive


2020-04-17 01:20:54.376089 [info]: timer tick
2020-04-17 01:26:17.007123 [info]: deal with the client(192.168.88.1)
2020-04-17 01:26:17.007571 [info]: adjust timer once
2020-04-17 01:26:17.007615 [info]: GET / HTTP/1.1
2020-04-17 01:26:17.007655 [info]: Host: 192.168.88.128:1234
2020-04-17 01:26:17.007661 [info]: Upgrade-Insecure-Requests: 1
2020-04-17 01:26:17.007666 [info]: oop!unknow header: Upgrade-Insecure-Requests: 1
2020-04-17 01:26:17.007670 [info]: Accept: text/html,application/xhtml+xml,application/xml;q=0.9,*/*;q=0.8
2020-04-17 01:26:17.007675 [info]: oop!unknow header: Accept: text/html,application/xhtml+xml,application/xml;q=0.9,*/*;q=0.8
2020-04-17 01:26:17.007681 [info]: User-Agent: Mozilla/5.0 (Macintosh; Intel Mac OS X 10_15_2) AppleWebKit/605.1.15 (KHTML, like Gecko) Version/13.0.4 Safari/605.1.15
2020-04-17 01:26:17.007685 [info]: oop!unknow header: User-Agent: Mozilla/5.0 (Macintosh; Intel Mac OS X 10_15_2) AppleWebKit/605.1.15 (KHTML, like Gecko) Version/13.0.4 Safari/605.1.15
2020-04-17 01:26:17.007690 [info]: Accept-Language: en-us
2020-04-17 01:26:17.007694 [info]: oop!unknow header: Accept-Language: en-us
2020-04-17 01:26:17.007699 [info]: Accept-Encoding: gzip, deflate
2020-04-17 01:26:17.007703 [info]: oop!unknow header: Accept-Encoding: gzip, deflate
2020-04-17 01:26:17.007708 [info]: Connection: keep-alive
2020-04-17 01:26:17.007712 [info]: 
2020-04-17 01:26:17.007738 [info]: request:HTTP/1.1 200 OK

2020-04-17 01:26:17.007744 [info]: request:HTTP/1.1 200 OK
Content-Length:586

2020-04-17 01:26:17.007749 [info]: request:HTTP/1.1 200 OK
Content-Length:586
Connection:keep-alive

2020-04-17 01:26:17.007753 [info]: request:HTTP/1.1 200 OK
Content-Length:586
Connection:keep-alive


2020-04-17 01:26:17.628196 [info]: timer tick
2020-04-17 01:30:23.653570 [info]: deal with the client(192.168.88.1)
2020-04-17 01:30:23.653914 [info]: adjust timer once
2020-04-17 01:30:23.653969 [info]: GET / HTTP/1.1
2020-04-17 01:30:23.654016 [info]: Host: 192.168.88.128:1234
2020-04-17 01:30:23.654027 [info]: Upgrade-Insecure-Requests: 1
2020-04-17 01:30:23.654033 [info]: oop!unknow header: Upgrade-Insecure-Requests: 1
2020-04-17 01:30:23.654039 [info]: Accept: text/html,application/xhtml+xml,application/xml;q=0.9,*/*;q=0.8
2020-04-17 01:30:23.654043 [info]: oop!unknow header: Accept: text/html,application/xhtml+xml,application/xml;q=0.9,*/*;q=0.8
2020-04-17 01:30:23.654049 [info]: User-Agent: Mozilla/5.0 (Macintosh; Intel Mac OS X 10_15_2) AppleWebKit/605.1.15 (KHTML, like Gecko) Version/13.0.4 Safari/605.1.15
2020-04-17 01:30:23.654054 [info]: oop!unknow header: User-Agent: Mozilla/5.0 (Macintosh; Intel Mac OS X 10_15_2) AppleWebKit/605.1.15 (KHTML, like Gecko) Version/13.0.4 Safari/605.1.15
2020-04-17 01:30:23.654059 [info]: Accept-Language: en-us
2020-04-17 01:30:23.654064 [info]: oop!unknow header: Accept-Language: en-us
2020-04-17 01:30:23.654068 [info]: Accept-Encoding: gzip, deflate
2020-04-17 01:30:23.654073 [info]: oop!unknow header: Accept-Encoding: gzip, deflate
2020-04-17 01:30:23.654077 [info]: Connection: keep-alive
2020-04-17 01:30:23.654082 [info]: 
2020-04-17 01:30:23.654111 [info]: request:HTTP/1.1 200 OK

2020-04-17 01:30:23.654117 [info]: request:HTTP/1.1 200 OK
Content-Length:586

2020-04-17 01:30:23.654122 [info]: request:HTTP/1.1 200 OK
Content-Length:586
Connection:keep-alive

2020-04-17 01:30:23.654126 [info]: request:HTTP/1.1 200 OK
Content-Length:586
Connection:keep-alive


2020-04-17 01:30:24.501470 [info]: timer tick
2020-04-17 01:33:07.215815 [info]: deal with the client(192.168.88.1)
2020-04-17 01:33:07.216106 [info]: adjust timer once
2020-04-17 01:33:07.216155 [info]: GET / HTTP/1.1
2020-04-17 01:33:07.216200 [info]: Host: 192.168.88.128:1234
2020-04-17 01:33:07.216206 [info]: Upgrade-Insecure-Requests: 1
2020-04-17 01:33:07.216211 [info]: oop!unknow header: Upgrade-Insecure-Requests: 1
2020-04-17 01:33:07.216216 [info]: Accept: text/html,application/xhtml+xml,application/xml;q=0.9,*/*;q=0.8
2020-04-17 01:33:07.216221 [info]: oop!unknow header: Accept: text/html,application/xhtml+xml,application/xml;q=0.9,*/*;q=0.8
2020-04-17 01:33:07.216227 [info]: User-Agent: Mozilla/5.0 (Macintosh; Intel Mac OS X 10_15_2) AppleWebKit/605.1.15 (KHTML, like Gecko) Version/13.0.4 Safari/605.1.15
2020-04-17 01:33:07.216232 [info]: oop!unknow header: User-Agent: Mozilla/5.0 (Macintosh; Intel Mac OS X 10_15_2) AppleWebKit/605.1.15 (KHTML, like Gecko) Version/13.0.4 Safari/605.1.15
2020-04-17 01:33:07.216236 [info]: Accept-Language: en-us
2020-04-17 01:33:07.216241 [info]: oop!unknow header: Accept-Language: en-us
2020-04-17 01:33:07.216246 [info]: Accept-Encoding: gzip, deflate
2020-04-17 01:33:07.216251 [info]: oop!unknow header: Accept-Encoding: gzip, deflate
2020-04-17 01:33:07.216255 [info]: Connection: keep-alive
2020-04-17 01:33:07.216260 [info]: 
2020-04-17 01:33:07.216286 [info]: request:HTTP/1.1 200 OK

2020-04-17 01:33:07.216292 [info]: request:HTTP/1.1 200 OK
Content-Length:586

2020-04-17 01:33:07.216297 [info]: request:HTTP/1.1 200 OK
Content-Length:586
Connection:keep-alive

2020-04-17 01:33:07.216302 [info]: request:HTTP/1.1 200 OK
Content-Length:586
Connection:keep-alive


2020-04-17 01:33:08.180388 [info]: timer tick
2020-04-17 01:33:13.180651 [info]: timer tick
2020-04-17 01:33:18.181315 [info]: timer tick
2020-04-17 01:33:23.184652 [info]: timer tick
2020-04-17 01:33:23.185247 [info]: close fd 16
2020-04-17 01:33:36.177564 [info]: deal with the client(192.168.88.1)
2020-04-17 01:33:36.177645 [info]: adjust timer once
2020-04-17 01:33:36.177776 [info]: GET / HTTP/1.1
2020-04-17 01:33:36.177838 [info]: Host: 192.168.88.128:1234
2020-04-17 01:33:36.177847 [info]: Upgrade-Insecure-Requests: 1
2020-04-17 01:33:36.177878 [info]: oop!unknow header: Upgrade-Insecure-Requests: 1
2020-04-17 01:33:36.177888 [info]: Accept: text/html,application/xhtml+xml,application/xml;q=0.9,*/*;q=0.8
2020-04-17 01:33:36.177895 [info]: oop!unknow header: Accept: text/html,application/xhtml+xml,application/xml;q=0.9,*/*;q=0.8
2020-04-17 01:33:36.177902 [info]: User-Agent: Mozilla/5.0 (Macintosh; Intel Mac OS X 10_15_2) AppleWebKit/605.1.15 (KHTML, like Gecko) Version/13.0.4 Safari/605.1.15
2020-04-17 01:33:36.177909 [info]: oop!unknow header: User-Agent: Mozilla/5.0 (Macintosh; Intel Mac OS X 10_15_2) AppleWebKit/605.1.15 (KHTML, like Gecko) Version/13.0.4 Safari/605.1.15
2020-04-17 01:33:36.177915 [info]: Accept-Language: en-us
2020-04-17 01:33:36.177921 [info]: oop!unknow header: Accept-Language: en-us
2020-04-17 01:33:36.177944 [info]: Accept-Encoding: gzip, deflate
2020-04-17 01:33:36.177965 [info]: oop!unknow header: Accept-Encoding: gzip, deflate
2020-04-17 01:33:36.177972 [info]: Connection: keep-alive
2020-04-17 01:33:36.177979 [info]: 
2020-04-17 01:33:36.178013 [info]: request:HTTP/1.1 200 OK

2020-04-17 01:33:36.178020 [info]: request:HTTP/1.1 200 OK
Content-Length:586

2020-04-17 01:33:36.178027 [info]: request:HTTP/1.1 200 OK
Content-Length:586
Connection:keep-alive

2020-04-17 01:33:36.178032 [info]: request:HTTP/1.1 200 OK
Content-Length:586
Connection:keep-alive


2020-04-17 01:33:39.486009 [info]: timer tick
2020-04-17 01:33:44.486407 [info]: timer tick
2020-04-17 01:33:49.487349 [info]: timer tick
2020-04-17 01:33:54.488790 [info]: timer tick
2020-04-17 01:33:54.489785 [info]: close fd 16
2020-04-17 01:35:17.654463 [info]: deal with the client(192.168.88.1)
2020-04-17 01:35:17.654527 [info]: adjust timer once
2020-04-17 01:35:17.654564 [info]: GET / HTTP/1.1
2020-04-17 01:35:17.654601 [info]: Host: 192.168.88.128:1234
2020-04-17 01:35:17.654615 [info]: Upgrade-Insecure-Requests: 1
2020-04-17 01:35:17.654620 [info]: oop!unknow header: Upgrade-Insecure-Requests: 1
2020-04-17 01:35:17.654625 [info]: Accept: text/html,application/xhtml+xml,application/xml;q=0.9,*/*;q=0.8
2020-04-17 01:35:17.654629 [info]: oop!unknow header: Accept: text/html,application/xhtml+xml,application/xml;q=0.9,*/*;q=0.8
2020-04-17 01:35:17.654635 [info]: User-Agent: Mozilla/5.0 (Macintosh; Intel Mac OS X 10_15_2) AppleWebKit/605.1.15 (KHTML, like Gecko) Version/13.0.4 Safari/605.1.15
2020-04-17 01:35:17.654640 [info]: oop!unknow header: User-Agent: Mozilla/5.0 (Macintosh; Intel Mac OS X 10_15_2) AppleWebKit/605.1.15 (KHTML, like Gecko) Version/13.0.4 Safari/605.1.15
2020-04-17 01:35:17.654644 [info]: Accept-Language: en-us
2020-04-17 01:35:17.654648 [info]: oop!unknow header: Accept-Language: en-us
2020-04-17 01:35:17.654653 [info]: Accept-Encoding: gzip, deflate
2020-04-17 01:35:17.654657 [info]: oop!unknow header: Accept-Encoding: gzip, deflate
2020-04-17 01:35:17.654662 [info]: Connection: keep-alive
2020-04-17 01:35:17.654666 [info]: 
2020-04-17 01:35:17.654693 [info]: request:HTTP/1.1 200 OK

2020-04-17 01:35:17.654699 [info]: request:HTTP/1.1 200 OK
Content-Length:586

2020-04-17 01:35:17.654703 [info]: request:HTTP/1.1 200 OK
Content-Length:586
Connection:keep-alive

2020-04-17 01:35:17.654708 [info]: request:HTTP/1.1 200 OK
Content-Length:586
Connection:keep-alive


